[0.146s] DEBUG:colcon:Command line arguments: ['/bin/colcon', 'build', '--packages-select', 'maze_solver']
[0.146s] DEBUG:colcon:Parsed command line arguments: Namespace(log_base=None, log_level=None, verb_name='build', build_base='build', install_base='install', merge_install=False, symlink_install=False, test_result_base=None, continue_on_error=False, executor='parallel', parallel_workers=4, event_handlers=None, ignore_user_meta=False, metas=['./colcon.meta'], base_paths=['.'], packages_ignore=None, packages_ignore_regex=None, paths=None, packages_up_to=None, packages_up_to_regex=None, packages_above=None, packages_above_and_dependencies=None, packages_above_depth=None, packages_select_by_dep=None, packages_skip_by_dep=None, packages_skip_up_to=None, packages_select_build_failed=False, packages_skip_build_finished=False, packages_select_test_failures=False, packages_skip_test_passed=False, packages_select=['maze_solver'], packages_skip=None, packages_select_regex=None, packages_skip_regex=None, packages_start=None, packages_end=None, allow_overriding=[], cmake_args=None, cmake_target=None, cmake_target_skip_unavailable=False, cmake_clean_cache=False, cmake_clean_first=False, cmake_force_configure=False, ament_cmake_args=None, catkin_cmake_args=None, catkin_skip_building_tests=False, mixin_files=None, mixin=None, verb_parser=<colcon_mixin.mixin.mixin_argument.MixinArgumentDecorator object at 0x7d29cc18c880>, verb_extension=<colcon_core.verb.build.BuildVerb object at 0x7d29cc28d870>, main=<bound method BuildVerb.main of <colcon_core.verb.build.BuildVerb object at 0x7d29cc28d870>>, mixin_verb=('build',))
[0.361s] Level 1:colcon.colcon_core.package_discovery:discover_packages(colcon_meta) check parameters
[0.361s] Level 1:colcon.colcon_core.package_discovery:discover_packages(recursive) check parameters
[0.361s] Level 1:colcon.colcon_core.package_discovery:discover_packages(ignore) check parameters
[0.361s] Level 1:colcon.colcon_core.package_discovery:discover_packages(path) check parameters
[0.361s] Level 1:colcon.colcon_core.package_discovery:discover_packages(colcon_meta) discover
[0.361s] Level 1:colcon.colcon_core.package_discovery:discover_packages(recursive) discover
[0.361s] INFO:colcon.colcon_core.package_discovery:Crawling recursively for packages in '/home/pes2ug23cs625/maze_robot_ws'
[0.361s] Level 1:colcon.colcon_core.package_identification:_identify(.) by extensions ['ignore', 'ignore_ament_install']
[0.362s] Level 1:colcon.colcon_core.package_identification:_identify(.) by extension 'ignore'
[0.362s] Level 1:colcon.colcon_core.package_identification:_identify(.) by extension 'ignore_ament_install'
[0.362s] Level 1:colcon.colcon_core.package_identification:_identify(.) by extensions ['colcon_pkg']
[0.362s] Level 1:colcon.colcon_core.package_identification:_identify(.) by extension 'colcon_pkg'
[0.362s] Level 1:colcon.colcon_core.package_identification:_identify(.) by extensions ['colcon_meta']
[0.362s] Level 1:colcon.colcon_core.package_identification:_identify(.) by extension 'colcon_meta'
[0.362s] Level 1:colcon.colcon_core.package_identification:_identify(.) by extensions ['ros']
[0.362s] Level 1:colcon.colcon_core.package_identification:_identify(.) by extension 'ros'
[0.375s] Level 1:colcon.colcon_core.package_identification:_identify(.) by extensions ['cmake', 'python']
[0.375s] Level 1:colcon.colcon_core.package_identification:_identify(.) by extension 'cmake'
[0.375s] Level 1:colcon.colcon_core.package_identification:_identify(.) by extension 'python'
[0.375s] Level 1:colcon.colcon_core.package_identification:_identify(.) by extensions ['python_setup_py']
[0.375s] Level 1:colcon.colcon_core.package_identification:_identify(.) by extension 'python_setup_py'
[0.375s] Level 1:colcon.colcon_core.package_identification:_identify(build) by extensions ['ignore', 'ignore_ament_install']
[0.376s] Level 1:colcon.colcon_core.package_identification:_identify(build) by extension 'ignore'
[0.376s] Level 1:colcon.colcon_core.package_identification:_identify(build) ignored
[0.376s] Level 1:colcon.colcon_core.package_identification:_identify(install) by extensions ['ignore', 'ignore_ament_install']
[0.376s] Level 1:colcon.colcon_core.package_identification:_identify(install) by extension 'ignore'
[0.376s] Level 1:colcon.colcon_core.package_identification:_identify(install) ignored
[0.376s] Level 1:colcon.colcon_core.package_identification:_identify(log) by extensions ['ignore', 'ignore_ament_install']
[0.376s] Level 1:colcon.colcon_core.package_identification:_identify(log) by extension 'ignore'
[0.376s] Level 1:colcon.colcon_core.package_identification:_identify(log) ignored
[0.376s] Level 1:colcon.colcon_core.package_identification:_identify(src) by extensions ['ignore', 'ignore_ament_install']
[0.376s] Level 1:colcon.colcon_core.package_identification:_identify(src) by extension 'ignore'
[0.376s] Level 1:colcon.colcon_core.package_identification:_identify(src) by extension 'ignore_ament_install'
[0.376s] Level 1:colcon.colcon_core.package_identification:_identify(src) by extensions ['colcon_pkg']
[0.376s] Level 1:colcon.colcon_core.package_identification:_identify(src) by extension 'colcon_pkg'
[0.377s] Level 1:colcon.colcon_core.package_identification:_identify(src) by extensions ['colcon_meta']
[0.377s] Level 1:colcon.colcon_core.package_identification:_identify(src) by extension 'colcon_meta'
[0.377s] Level 1:colcon.colcon_core.package_identification:_identify(src) by extensions ['ros']
[0.377s] Level 1:colcon.colcon_core.package_identification:_identify(src) by extension 'ros'
[0.377s] Level 1:colcon.colcon_core.package_identification:_identify(src) by extensions ['cmake', 'python']
[0.377s] Level 1:colcon.colcon_core.package_identification:_identify(src) by extension 'cmake'
[0.377s] Level 1:colcon.colcon_core.package_identification:_identify(src) by extension 'python'
[0.377s] Level 1:colcon.colcon_core.package_identification:_identify(src) by extensions ['python_setup_py']
[0.377s] Level 1:colcon.colcon_core.package_identification:_identify(src) by extension 'python_setup_py'
[0.377s] Level 1:colcon.colcon_core.package_identification:_identify(src/maze_solver) by extensions ['ignore', 'ignore_ament_install']
[0.377s] Level 1:colcon.colcon_core.package_identification:_identify(src/maze_solver) by extension 'ignore'
[0.377s] Level 1:colcon.colcon_core.package_identification:_identify(src/maze_solver) by extension 'ignore_ament_install'
[0.377s] Level 1:colcon.colcon_core.package_identification:_identify(src/maze_solver) by extensions ['colcon_pkg']
[0.377s] Level 1:colcon.colcon_core.package_identification:_identify(src/maze_solver) by extension 'colcon_pkg'
[0.377s] Level 1:colcon.colcon_core.package_identification:_identify(src/maze_solver) by extensions ['colcon_meta']
[0.377s] Level 1:colcon.colcon_core.package_identification:_identify(src/maze_solver) by extension 'colcon_meta'
[0.377s] Level 1:colcon.colcon_core.package_identification:_identify(src/maze_solver) by extensions ['ros']
[0.377s] Level 1:colcon.colcon_core.package_identification:_identify(src/maze_solver) by extension 'ros'
[0.380s] DEBUG:colcon.colcon_core.package_identification:Package 'src/maze_solver' with type 'ros.ament_python' and name 'maze_solver'
[0.380s] Level 1:colcon.colcon_core.package_discovery:discover_packages(recursive) using defaults
[0.381s] Level 1:colcon.colcon_core.package_discovery:discover_packages(ignore) discover
[0.381s] Level 1:colcon.colcon_core.package_discovery:discover_packages(ignore) using defaults
[0.381s] Level 1:colcon.colcon_core.package_discovery:discover_packages(path) discover
[0.381s] Level 1:colcon.colcon_core.package_discovery:discover_packages(path) using defaults
[0.416s] Level 1:colcon.colcon_core.package_discovery:discover_packages(prefix_path) check parameters
[0.416s] Level 1:colcon.colcon_core.package_discovery:discover_packages(prefix_path) discover
[0.419s] DEBUG:colcon.colcon_installed_package_information.package_discovery:Found 1 installed packages in /home/pes2ug23cs625/maze_robot_ws/install
[0.420s] DEBUG:colcon.colcon_installed_package_information.package_discovery:Found 16 installed packages in /home/pes2ug23cs625/turtlebot3_ws/install
[0.421s] DEBUG:colcon.colcon_installed_package_information.package_discovery:Found 2 installed packages in /home/pes2ug23cs625/mar/dev_ws/install
[0.423s] DEBUG:colcon.colcon_installed_package_information.package_discovery:Found 412 installed packages in /opt/ros/humble
[0.426s] Level 1:colcon.colcon_core.package_discovery:discover_packages(prefix_path) using defaults
[0.487s] Level 5:colcon.colcon_core.verb:set package 'maze_solver' build argument 'cmake_args' from command line to 'None'
[0.487s] Level 5:colcon.colcon_core.verb:set package 'maze_solver' build argument 'cmake_target' from command line to 'None'
[0.487s] Level 5:colcon.colcon_core.verb:set package 'maze_solver' build argument 'cmake_target_skip_unavailable' from command line to 'False'
[0.487s] Level 5:colcon.colcon_core.verb:set package 'maze_solver' build argument 'cmake_clean_cache' from command line to 'False'
[0.487s] Level 5:colcon.colcon_core.verb:set package 'maze_solver' build argument 'cmake_clean_first' from command line to 'False'
[0.487s] Level 5:colcon.colcon_core.verb:set package 'maze_solver' build argument 'cmake_force_configure' from command line to 'False'
[0.487s] Level 5:colcon.colcon_core.verb:set package 'maze_solver' build argument 'ament_cmake_args' from command line to 'None'
[0.487s] Level 5:colcon.colcon_core.verb:set package 'maze_solver' build argument 'catkin_cmake_args' from command line to 'None'
[0.487s] Level 5:colcon.colcon_core.verb:set package 'maze_solver' build argument 'catkin_skip_building_tests' from command line to 'False'
[0.488s] DEBUG:colcon.colcon_core.verb:Building package 'maze_solver' with the following arguments: {'ament_cmake_args': None, 'build_base': '/home/pes2ug23cs625/maze_robot_ws/build/maze_solver', 'catkin_cmake_args': None, 'catkin_skip_building_tests': False, 'cmake_args': None, 'cmake_clean_cache': False, 'cmake_clean_first': False, 'cmake_force_configure': False, 'cmake_target': None, 'cmake_target_skip_unavailable': False, 'install_base': '/home/pes2ug23cs625/maze_robot_ws/install/maze_solver', 'merge_install': False, 'path': '/home/pes2ug23cs625/maze_robot_ws/src/maze_solver', 'symlink_install': False, 'test_result_base': None}
[0.488s] INFO:colcon.colcon_core.executor:Executing jobs using 'parallel' executor
[0.489s] DEBUG:colcon.colcon_parallel_executor.executor.parallel:run_until_complete
[0.489s] INFO:colcon.colcon_ros.task.ament_python.build:Building ROS package in '/home/pes2ug23cs625/maze_robot_ws/src/maze_solver' with build type 'ament_python'
[0.490s] Level 1:colcon.colcon_core.shell:create_environment_hook('maze_solver', 'ament_prefix_path')
[0.492s] INFO:colcon.colcon_core.plugin_system:Skipping extension 'colcon_core.shell.bat': Not used on non-Windows systems
[0.493s] INFO:colcon.colcon_core.shell:Creating environment hook '/home/pes2ug23cs625/maze_robot_ws/install/maze_solver/share/maze_solver/hook/ament_prefix_path.ps1'
[0.494s] INFO:colcon.colcon_core.shell:Creating environment descriptor '/home/pes2ug23cs625/maze_robot_ws/install/maze_solver/share/maze_solver/hook/ament_prefix_path.dsv'
[0.495s] INFO:colcon.colcon_core.shell:Creating environment hook '/home/pes2ug23cs625/maze_robot_ws/install/maze_solver/share/maze_solver/hook/ament_prefix_path.sh'
[0.496s] INFO:colcon.colcon_core.shell:Skip shell extension 'powershell' for command environment: Not usable outside of PowerShell
[0.496s] DEBUG:colcon.colcon_core.shell:Skip shell extension 'dsv' for command environment
[0.966s] INFO:colcon.colcon_core.task.python.build:Building Python package in '/home/pes2ug23cs625/maze_robot_ws/src/maze_solver'
[0.967s] INFO:colcon.colcon_core.shell:Skip shell extension 'powershell' for command environment: Not usable outside of PowerShell
[0.967s] DEBUG:colcon.colcon_core.shell:Skip shell extension 'dsv' for command environment
[1.640s] DEBUG:colcon.colcon_core.event_handler.log_command:Invoking command in '/home/pes2ug23cs625/maze_robot_ws/src/maze_solver': PYTHONPATH=/home/pes2ug23cs625/maze_robot_ws/build/maze_solver/prefix_override:/usr/lib/python3/dist-packages/colcon_core/task/python/colcon_distutils_commands:/home/pes2ug23cs625/maze_robot_ws/install/maze_solver/lib/python3.10/site-packages:${PYTHONPATH} /usr/bin/python3 -W ignore:setup.py install is deprecated -W ignore:easy_install command is deprecated setup.py egg_info --egg-base ../../build/maze_solver build --build-base /home/pes2ug23cs625/maze_robot_ws/build/maze_solver/build install --record /home/pes2ug23cs625/maze_robot_ws/build/maze_solver/install.log --single-version-externally-managed install_data
[2.063s] DEBUG:colcon.colcon_core.event_handler.log_command:Invoked command in '/home/pes2ug23cs625/maze_robot_ws/src/maze_solver' returned '0': PYTHONPATH=/home/pes2ug23cs625/maze_robot_ws/build/maze_solver/prefix_override:/usr/lib/python3/dist-packages/colcon_core/task/python/colcon_distutils_commands:/home/pes2ug23cs625/maze_robot_ws/install/maze_solver/lib/python3.10/site-packages:${PYTHONPATH} /usr/bin/python3 -W ignore:setup.py install is deprecated -W ignore:easy_install command is deprecated setup.py egg_info --egg-base ../../build/maze_solver build --build-base /home/pes2ug23cs625/maze_robot_ws/build/maze_solver/build install --record /home/pes2ug23cs625/maze_robot_ws/build/maze_solver/install.log --single-version-externally-managed install_data
[2.067s] Level 1:colcon.colcon_core.environment:checking '/home/pes2ug23cs625/maze_robot_ws/install/maze_solver' for CMake module files
[2.067s] Level 1:colcon.colcon_core.environment:checking '/home/pes2ug23cs625/maze_robot_ws/install/maze_solver' for CMake config files
[2.068s] Level 1:colcon.colcon_core.environment:checking '/home/pes2ug23cs625/maze_robot_ws/install/maze_solver/lib'
[2.068s] Level 1:colcon.colcon_core.environment:checking '/home/pes2ug23cs625/maze_robot_ws/install/maze_solver/bin'
[2.069s] Level 1:colcon.colcon_core.environment:checking '/home/pes2ug23cs625/maze_robot_ws/install/maze_solver/lib/pkgconfig/maze_solver.pc'
[2.069s] Level 1:colcon.colcon_core.environment:checking '/home/pes2ug23cs625/maze_robot_ws/install/maze_solver/lib/python3.10/site-packages'
[2.069s] Level 1:colcon.colcon_core.shell:create_environment_hook('maze_solver', 'pythonpath')
[2.069s] INFO:colcon.colcon_core.shell:Creating environment hook '/home/pes2ug23cs625/maze_robot_ws/install/maze_solver/share/maze_solver/hook/pythonpath.ps1'
[2.070s] INFO:colcon.colcon_core.shell:Creating environment descriptor '/home/pes2ug23cs625/maze_robot_ws/install/maze_solver/share/maze_solver/hook/pythonpath.dsv'
[2.071s] INFO:colcon.colcon_core.shell:Creating environment hook '/home/pes2ug23cs625/maze_robot_ws/install/maze_solver/share/maze_solver/hook/pythonpath.sh'
[2.072s] Level 1:colcon.colcon_core.environment:checking '/home/pes2ug23cs625/maze_robot_ws/install/maze_solver/bin'
[2.072s] Level 1:colcon.colcon_core.environment:create_environment_scripts_only(maze_solver)
[2.073s] INFO:colcon.colcon_core.shell:Creating package script '/home/pes2ug23cs625/maze_robot_ws/install/maze_solver/share/maze_solver/package.ps1'
[2.074s] INFO:colcon.colcon_core.shell:Creating package descriptor '/home/pes2ug23cs625/maze_robot_ws/install/maze_solver/share/maze_solver/package.dsv'
[2.075s] INFO:colcon.colcon_core.shell:Creating package script '/home/pes2ug23cs625/maze_robot_ws/install/maze_solver/share/maze_solver/package.sh'
[2.077s] INFO:colcon.colcon_core.shell:Creating package script '/home/pes2ug23cs625/maze_robot_ws/install/maze_solver/share/maze_solver/package.bash'
[2.078s] INFO:colcon.colcon_core.shell:Creating package script '/home/pes2ug23cs625/maze_robot_ws/install/maze_solver/share/maze_solver/package.zsh'
[2.079s] Level 1:colcon.colcon_core.environment:create_file_with_runtime_dependencies(/home/pes2ug23cs625/maze_robot_ws/install/maze_solver/share/colcon-core/packages/maze_solver)
[2.079s] DEBUG:colcon.colcon_parallel_executor.executor.parallel:closing loop
[2.080s] DEBUG:colcon.colcon_parallel_executor.executor.parallel:loop closed
[2.081s] DEBUG:colcon.colcon_parallel_executor.executor.parallel:run_until_complete finished with '0'
[2.081s] DEBUG:colcon.colcon_core.event_reactor:joining thread
[2.094s] INFO:colcon.colcon_core.plugin_system:Skipping extension 'colcon_notification.desktop_notification.terminal_notifier': Not used on non-Darwin systems
[2.094s] INFO:colcon.colcon_core.plugin_system:Skipping extension 'colcon_notification.desktop_notification.win32': Not used on non-Windows systems
[2.094s] INFO:colcon.colcon_notification.desktop_notification:Sending desktop notification using 'notify2'
[2.215s] DEBUG:colcon.colcon_core.event_reactor:joined thread
[2.216s] INFO:colcon.colcon_core.shell:Creating prefix script '/home/pes2ug23cs625/maze_robot_ws/install/local_setup.ps1'
[2.218s] INFO:colcon.colcon_core.shell:Creating prefix util module '/home/pes2ug23cs625/maze_robot_ws/install/_local_setup_util_ps1.py'
[2.221s] INFO:colcon.colcon_core.shell:Creating prefix chain script '/home/pes2ug23cs625/maze_robot_ws/install/setup.ps1'
[2.226s] INFO:colcon.colcon_core.shell:Creating prefix script '/home/pes2ug23cs625/maze_robot_ws/install/local_setup.sh'
[2.228s] INFO:colcon.colcon_core.shell:Creating prefix util module '/home/pes2ug23cs625/maze_robot_ws/install/_local_setup_util_sh.py'
[2.229s] INFO:colcon.colcon_core.shell:Creating prefix chain script '/home/pes2ug23cs625/maze_robot_ws/install/setup.sh'
[2.232s] INFO:colcon.colcon_core.shell:Creating prefix script '/home/pes2ug23cs625/maze_robot_ws/install/local_setup.bash'
[2.235s] INFO:colcon.colcon_core.shell:Creating prefix chain script '/home/pes2ug23cs625/maze_robot_ws/install/setup.bash'
[2.240s] INFO:colcon.colcon_core.shell:Creating prefix script '/home/pes2ug23cs625/maze_robot_ws/install/local_setup.zsh'
[2.241s] INFO:colcon.colcon_core.shell:Creating prefix chain script '/home/pes2ug23cs625/maze_robot_ws/install/setup.zsh'
