[0.614s] DEBUG:colcon:Command line arguments: ['/bin/colcon', 'build', '--packages-select', 'maze_solver']
[0.614s] DEBUG:colcon:Parsed command line arguments: Namespace(log_base=None, log_level=None, verb_name='build', build_base='build', install_base='install', merge_install=False, symlink_install=False, test_result_base=None, continue_on_error=False, executor='parallel', parallel_workers=4, event_handlers=None, ignore_user_meta=False, metas=['./colcon.meta'], base_paths=['.'], packages_ignore=None, packages_ignore_regex=None, paths=None, packages_up_to=None, packages_up_to_regex=None, packages_above=None, packages_above_and_dependencies=None, packages_above_depth=None, packages_select_by_dep=None, packages_skip_by_dep=None, packages_skip_up_to=None, packages_select_build_failed=False, packages_skip_build_finished=False, packages_select_test_failures=False, packages_skip_test_passed=False, packages_select=['maze_solver'], packages_skip=None, packages_select_regex=None, packages_skip_regex=None, packages_start=None, packages_end=None, allow_overriding=[], cmake_args=None, cmake_target=None, cmake_target_skip_unavailable=False, cmake_clean_cache=False, cmake_clean_first=False, cmake_force_configure=False, ament_cmake_args=None, catkin_cmake_args=None, catkin_skip_building_tests=False, mixin_files=None, mixin=None, verb_parser=<colcon_mixin.mixin.mixin_argument.MixinArgumentDecorator object at 0x7109f3b80880>, verb_extension=<colcon_core.verb.build.BuildVerb object at 0x7109f3c89870>, main=<bound method BuildVerb.main of <colcon_core.verb.build.BuildVerb object at 0x7109f3c89870>>, mixin_verb=('build',))
[1.122s] Level 1:colcon.colcon_core.package_discovery:discover_packages(colcon_meta) check parameters
[1.122s] Level 1:colcon.colcon_core.package_discovery:discover_packages(recursive) check parameters
[1.122s] Level 1:colcon.colcon_core.package_discovery:discover_packages(ignore) check parameters
[1.122s] Level 1:colcon.colcon_core.package_discovery:discover_packages(path) check parameters
[1.123s] Level 1:colcon.colcon_core.package_discovery:discover_packages(colcon_meta) discover
[1.123s] Level 1:colcon.colcon_core.package_discovery:discover_packages(recursive) discover
[1.123s] INFO:colcon.colcon_core.package_discovery:Crawling recursively for packages in '/home/pes2ug23cs625/maze_robot_ws'
[1.123s] Level 1:colcon.colcon_core.package_identification:_identify(.) by extensions ['ignore', 'ignore_ament_install']
[1.123s] Level 1:colcon.colcon_core.package_identification:_identify(.) by extension 'ignore'
[1.124s] Level 1:colcon.colcon_core.package_identification:_identify(.) by extension 'ignore_ament_install'
[1.124s] Level 1:colcon.colcon_core.package_identification:_identify(.) by extensions ['colcon_pkg']
[1.124s] Level 1:colcon.colcon_core.package_identification:_identify(.) by extension 'colcon_pkg'
[1.124s] Level 1:colcon.colcon_core.package_identification:_identify(.) by extensions ['colcon_meta']
[1.124s] Level 1:colcon.colcon_core.package_identification:_identify(.) by extension 'colcon_meta'
[1.124s] Level 1:colcon.colcon_core.package_identification:_identify(.) by extensions ['ros']
[1.124s] Level 1:colcon.colcon_core.package_identification:_identify(.) by extension 'ros'
[1.146s] Level 1:colcon.colcon_core.package_identification:_identify(.) by extensions ['cmake', 'python']
[1.146s] Level 1:colcon.colcon_core.package_identification:_identify(.) by extension 'cmake'
[1.147s] Level 1:colcon.colcon_core.package_identification:_identify(.) by extension 'python'
[1.147s] Level 1:colcon.colcon_core.package_identification:_identify(.) by extensions ['python_setup_py']
[1.147s] Level 1:colcon.colcon_core.package_identification:_identify(.) by extension 'python_setup_py'
[1.147s] Level 1:colcon.colcon_core.package_identification:_identify(build) by extensions ['ignore', 'ignore_ament_install']
[1.147s] Level 1:colcon.colcon_core.package_identification:_identify(build) by extension 'ignore'
[1.147s] Level 1:colcon.colcon_core.package_identification:_identify(build) ignored
[1.147s] Level 1:colcon.colcon_core.package_identification:_identify(install) by extensions ['ignore', 'ignore_ament_install']
[1.147s] Level 1:colcon.colcon_core.package_identification:_identify(install) by extension 'ignore'
[1.147s] Level 1:colcon.colcon_core.package_identification:_identify(install) ignored
[1.147s] Level 1:colcon.colcon_core.package_identification:_identify(log) by extensions ['ignore', 'ignore_ament_install']
[1.147s] Level 1:colcon.colcon_core.package_identification:_identify(log) by extension 'ignore'
[1.147s] Level 1:colcon.colcon_core.package_identification:_identify(log) ignored
[1.148s] Level 1:colcon.colcon_core.package_identification:_identify(src) by extensions ['ignore', 'ignore_ament_install']
[1.148s] Level 1:colcon.colcon_core.package_identification:_identify(src) by extension 'ignore'
[1.148s] Level 1:colcon.colcon_core.package_identification:_identify(src) by extension 'ignore_ament_install'
[1.148s] Level 1:colcon.colcon_core.package_identification:_identify(src) by extensions ['colcon_pkg']
[1.149s] Level 1:colcon.colcon_core.package_identification:_identify(src) by extension 'colcon_pkg'
[1.149s] Level 1:colcon.colcon_core.package_identification:_identify(src) by extensions ['colcon_meta']
[1.149s] Level 1:colcon.colcon_core.package_identification:_identify(src) by extension 'colcon_meta'
[1.149s] Level 1:colcon.colcon_core.package_identification:_identify(src) by extensions ['ros']
[1.149s] Level 1:colcon.colcon_core.package_identification:_identify(src) by extension 'ros'
[1.149s] Level 1:colcon.colcon_core.package_identification:_identify(src) by extensions ['cmake', 'python']
[1.149s] Level 1:colcon.colcon_core.package_identification:_identify(src) by extension 'cmake'
[1.149s] Level 1:colcon.colcon_core.package_identification:_identify(src) by extension 'python'
[1.149s] Level 1:colcon.colcon_core.package_identification:_identify(src) by extensions ['python_setup_py']
[1.149s] Level 1:colcon.colcon_core.package_identification:_identify(src) by extension 'python_setup_py'
[1.150s] Level 1:colcon.colcon_core.package_identification:_identify(src/maze_solver) by extensions ['ignore', 'ignore_ament_install']
[1.150s] Level 1:colcon.colcon_core.package_identification:_identify(src/maze_solver) by extension 'ignore'
[1.150s] Level 1:colcon.colcon_core.package_identification:_identify(src/maze_solver) by extension 'ignore_ament_install'
[1.150s] Level 1:colcon.colcon_core.package_identification:_identify(src/maze_solver) by extensions ['colcon_pkg']
[1.150s] Level 1:colcon.colcon_core.package_identification:_identify(src/maze_solver) by extension 'colcon_pkg'
[1.150s] Level 1:colcon.colcon_core.package_identification:_identify(src/maze_solver) by extensions ['colcon_meta']
[1.150s] Level 1:colcon.colcon_core.package_identification:_identify(src/maze_solver) by extension 'colcon_meta'
[1.150s] Level 1:colcon.colcon_core.package_identification:_identify(src/maze_solver) by extensions ['ros']
[1.150s] Level 1:colcon.colcon_core.package_identification:_identify(src/maze_solver) by extension 'ros'
[1.155s] DEBUG:colcon.colcon_core.package_identification:Package 'src/maze_solver' with type 'ros.ament_python' and name 'maze_solver'
[1.156s] Level 1:colcon.colcon_core.package_discovery:discover_packages(recursive) using defaults
[1.156s] Level 1:colcon.colcon_core.package_discovery:discover_packages(ignore) discover
[1.156s] Level 1:colcon.colcon_core.package_discovery:discover_packages(ignore) using defaults
[1.156s] Level 1:colcon.colcon_core.package_discovery:discover_packages(path) discover
[1.156s] Level 1:colcon.colcon_core.package_discovery:discover_packages(path) using defaults
[1.216s] Level 1:colcon.colcon_core.package_discovery:discover_packages(prefix_path) check parameters
[1.216s] Level 1:colcon.colcon_core.package_discovery:discover_packages(prefix_path) discover
[1.224s] DEBUG:colcon.colcon_installed_package_information.package_discovery:Found 1 installed packages in /home/pes2ug23cs625/maze_robot_ws/install
[1.225s] DEBUG:colcon.colcon_installed_package_information.package_discovery:Found 16 installed packages in /home/pes2ug23cs625/turtlebot3_ws/install
[1.226s] DEBUG:colcon.colcon_installed_package_information.package_discovery:Found 2 installed packages in /home/pes2ug23cs625/mar/dev_ws/install
[1.228s] DEBUG:colcon.colcon_installed_package_information.package_discovery:Found 412 installed packages in /opt/ros/humble
[1.231s] Level 1:colcon.colcon_core.package_discovery:discover_packages(prefix_path) using defaults
[1.367s] Level 5:colcon.colcon_core.verb:set package 'maze_solver' build argument 'cmake_args' from command line to 'None'
[1.367s] Level 5:colcon.colcon_core.verb:set package 'maze_solver' build argument 'cmake_target' from command line to 'None'
[1.367s] Level 5:colcon.colcon_core.verb:set package 'maze_solver' build argument 'cmake_target_skip_unavailable' from command line to 'False'
[1.367s] Level 5:colcon.colcon_core.verb:set package 'maze_solver' build argument 'cmake_clean_cache' from command line to 'False'
[1.368s] Level 5:colcon.colcon_core.verb:set package 'maze_solver' build argument 'cmake_clean_first' from command line to 'False'
[1.368s] Level 5:colcon.colcon_core.verb:set package 'maze_solver' build argument 'cmake_force_configure' from command line to 'False'
[1.368s] Level 5:colcon.colcon_core.verb:set package 'maze_solver' build argument 'ament_cmake_args' from command line to 'None'
[1.368s] Level 5:colcon.colcon_core.verb:set package 'maze_solver' build argument 'catkin_cmake_args' from command line to 'None'
[1.368s] Level 5:colcon.colcon_core.verb:set package 'maze_solver' build argument 'catkin_skip_building_tests' from command line to 'False'
[1.368s] DEBUG:colcon.colcon_core.verb:Building package 'maze_solver' with the following arguments: {'ament_cmake_args': None, 'build_base': '/home/pes2ug23cs625/maze_robot_ws/build/maze_solver', 'catkin_cmake_args': None, 'catkin_skip_building_tests': False, 'cmake_args': None, 'cmake_clean_cache': False, 'cmake_clean_first': False, 'cmake_force_configure': False, 'cmake_target': None, 'cmake_target_skip_unavailable': False, 'install_base': '/home/pes2ug23cs625/maze_robot_ws/install/maze_solver', 'merge_install': False, 'path': '/home/pes2ug23cs625/maze_robot_ws/src/maze_solver', 'symlink_install': False, 'test_result_base': None}
[1.368s] INFO:colcon.colcon_core.executor:Executing jobs using 'parallel' executor
[1.369s] DEBUG:colcon.colcon_parallel_executor.executor.parallel:run_until_complete
[1.369s] INFO:colcon.colcon_ros.task.ament_python.build:Building ROS package in '/home/pes2ug23cs625/maze_robot_ws/src/maze_solver' with build type 'ament_python'
[1.370s] Level 1:colcon.colcon_core.shell:create_environment_hook('maze_solver', 'ament_prefix_path')
[1.381s] INFO:colcon.colcon_core.plugin_system:Skipping extension 'colcon_core.shell.bat': Not used on non-Windows systems
[1.381s] INFO:colcon.colcon_core.shell:Creating environment hook '/home/pes2ug23cs625/maze_robot_ws/install/maze_solver/share/maze_solver/hook/ament_prefix_path.ps1'
[1.384s] INFO:colcon.colcon_core.shell:Creating environment descriptor '/home/pes2ug23cs625/maze_robot_ws/install/maze_solver/share/maze_solver/hook/ament_prefix_path.dsv'
[1.385s] INFO:colcon.colcon_core.shell:Creating environment hook '/home/pes2ug23cs625/maze_robot_ws/install/maze_solver/share/maze_solver/hook/ament_prefix_path.sh'
[1.387s] INFO:colcon.colcon_core.shell:Skip shell extension 'powershell' for command environment: Not usable outside of PowerShell
[1.387s] DEBUG:colcon.colcon_core.shell:Skip shell extension 'dsv' for command environment
[1.820s] INFO:colcon.colcon_core.task.python.build:Building Python package in '/home/pes2ug23cs625/maze_robot_ws/src/maze_solver'
[1.820s] INFO:colcon.colcon_core.shell:Skip shell extension 'powershell' for command environment: Not usable outside of PowerShell
[1.820s] DEBUG:colcon.colcon_core.shell:Skip shell extension 'dsv' for command environment
[2.714s] DEBUG:colcon.colcon_core.event_handler.log_command:Invoking command in '/home/pes2ug23cs625/maze_robot_ws/src/maze_solver': PYTHONPATH=/home/pes2ug23cs625/maze_robot_ws/build/maze_solver/prefix_override:/usr/lib/python3/dist-packages/colcon_core/task/python/colcon_distutils_commands:/home/pes2ug23cs625/maze_robot_ws/install/maze_solver/lib/python3.10/site-packages:${PYTHONPATH} /usr/bin/python3 -W ignore:setup.py install is deprecated -W ignore:easy_install command is deprecated setup.py egg_info --egg-base ../../build/maze_solver build --build-base /home/pes2ug23cs625/maze_robot_ws/build/maze_solver/build install --record /home/pes2ug23cs625/maze_robot_ws/build/maze_solver/install.log --single-version-externally-managed install_data
[3.233s] DEBUG:colcon.colcon_core.event_handler.log_command:Invoked command in '/home/pes2ug23cs625/maze_robot_ws/src/maze_solver' returned '0': PYTHONPATH=/home/pes2ug23cs625/maze_robot_ws/build/maze_solver/prefix_override:/usr/lib/python3/dist-packages/colcon_core/task/python/colcon_distutils_commands:/home/pes2ug23cs625/maze_robot_ws/install/maze_solver/lib/python3.10/site-packages:${PYTHONPATH} /usr/bin/python3 -W ignore:setup.py install is deprecated -W ignore:easy_install command is deprecated setup.py egg_info --egg-base ../../build/maze_solver build --build-base /home/pes2ug23cs625/maze_robot_ws/build/maze_solver/build install --record /home/pes2ug23cs625/maze_robot_ws/build/maze_solver/install.log --single-version-externally-managed install_data
[3.262s] Level 1:colcon.colcon_core.environment:checking '/home/pes2ug23cs625/maze_robot_ws/install/maze_solver' for CMake module files
[3.262s] Level 1:colcon.colcon_core.environment:checking '/home/pes2ug23cs625/maze_robot_ws/install/maze_solver' for CMake config files
[3.264s] Level 1:colcon.colcon_core.environment:checking '/home/pes2ug23cs625/maze_robot_ws/install/maze_solver/lib'
[3.264s] Level 1:colcon.colcon_core.environment:checking '/home/pes2ug23cs625/maze_robot_ws/install/maze_solver/bin'
[3.264s] Level 1:colcon.colcon_core.environment:checking '/home/pes2ug23cs625/maze_robot_ws/install/maze_solver/lib/pkgconfig/maze_solver.pc'
[3.265s] Level 1:colcon.colcon_core.environment:checking '/home/pes2ug23cs625/maze_robot_ws/install/maze_solver/lib/python3.10/site-packages'
[3.265s] Level 1:colcon.colcon_core.shell:create_environment_hook('maze_solver', 'pythonpath')
[3.265s] INFO:colcon.colcon_core.shell:Creating environment hook '/home/pes2ug23cs625/maze_robot_ws/install/maze_solver/share/maze_solver/hook/pythonpath.ps1'
[3.266s] INFO:colcon.colcon_core.shell:Creating environment descriptor '/home/pes2ug23cs625/maze_robot_ws/install/maze_solver/share/maze_solver/hook/pythonpath.dsv'
[3.266s] INFO:colcon.colcon_core.shell:Creating environment hook '/home/pes2ug23cs625/maze_robot_ws/install/maze_solver/share/maze_solver/hook/pythonpath.sh'
[3.268s] Level 1:colcon.colcon_core.environment:checking '/home/pes2ug23cs625/maze_robot_ws/install/maze_solver/bin'
[3.268s] Level 1:colcon.colcon_core.environment:create_environment_scripts_only(maze_solver)
[3.268s] INFO:colcon.colcon_core.shell:Creating package script '/home/pes2ug23cs625/maze_robot_ws/install/maze_solver/share/maze_solver/package.ps1'
[3.270s] INFO:colcon.colcon_core.shell:Creating package descriptor '/home/pes2ug23cs625/maze_robot_ws/install/maze_solver/share/maze_solver/package.dsv'
[3.271s] INFO:colcon.colcon_core.shell:Creating package script '/home/pes2ug23cs625/maze_robot_ws/install/maze_solver/share/maze_solver/package.sh'
[3.273s] INFO:colcon.colcon_core.shell:Creating package script '/home/pes2ug23cs625/maze_robot_ws/install/maze_solver/share/maze_solver/package.bash'
[3.275s] INFO:colcon.colcon_core.shell:Creating package script '/home/pes2ug23cs625/maze_robot_ws/install/maze_solver/share/maze_solver/package.zsh'
[3.278s] Level 1:colcon.colcon_core.environment:create_file_with_runtime_dependencies(/home/pes2ug23cs625/maze_robot_ws/install/maze_solver/share/colcon-core/packages/maze_solver)
[3.278s] DEBUG:colcon.colcon_parallel_executor.executor.parallel:closing loop
[3.279s] DEBUG:colcon.colcon_parallel_executor.executor.parallel:loop closed
[3.279s] DEBUG:colcon.colcon_parallel_executor.executor.parallel:run_until_complete finished with '0'
[3.279s] DEBUG:colcon.colcon_core.event_reactor:joining thread
[3.289s] INFO:colcon.colcon_core.plugin_system:Skipping extension 'colcon_notification.desktop_notification.terminal_notifier': Not used on non-Darwin systems
[3.289s] INFO:colcon.colcon_core.plugin_system:Skipping extension 'colcon_notification.desktop_notification.win32': Not used on non-Windows systems
[3.289s] INFO:colcon.colcon_notification.desktop_notification:Sending desktop notification using 'notify2'
[3.331s] DEBUG:colcon.colcon_core.event_reactor:joined thread
[3.332s] INFO:colcon.colcon_core.shell:Creating prefix script '/home/pes2ug23cs625/maze_robot_ws/install/local_setup.ps1'
[3.337s] INFO:colcon.colcon_core.shell:Creating prefix util module '/home/pes2ug23cs625/maze_robot_ws/install/_local_setup_util_ps1.py'
[3.339s] INFO:colcon.colcon_core.shell:Creating prefix chain script '/home/pes2ug23cs625/maze_robot_ws/install/setup.ps1'
[3.345s] INFO:colcon.colcon_core.shell:Creating prefix script '/home/pes2ug23cs625/maze_robot_ws/install/local_setup.sh'
[3.348s] INFO:colcon.colcon_core.shell:Creating prefix util module '/home/pes2ug23cs625/maze_robot_ws/install/_local_setup_util_sh.py'
[3.349s] INFO:colcon.colcon_core.shell:Creating prefix chain script '/home/pes2ug23cs625/maze_robot_ws/install/setup.sh'
[3.354s] INFO:colcon.colcon_core.shell:Creating prefix script '/home/pes2ug23cs625/maze_robot_ws/install/local_setup.bash'
[3.356s] INFO:colcon.colcon_core.shell:Creating prefix chain script '/home/pes2ug23cs625/maze_robot_ws/install/setup.bash'
[3.364s] INFO:colcon.colcon_core.shell:Creating prefix script '/home/pes2ug23cs625/maze_robot_ws/install/local_setup.zsh'
[3.367s] INFO:colcon.colcon_core.shell:Creating prefix chain script '/home/pes2ug23cs625/maze_robot_ws/install/setup.zsh'
