[2.108s] Invoking command in '/home/pes2ug23cs625/maze_robot_ws/src/maze_solver': PYTHONPATH=/home/pes2ug23cs625/maze_robot_ws/build/maze_solver/prefix_override:/usr/lib/python3/dist-packages/colcon_core/task/python/colcon_distutils_commands:/home/pes2ug23cs625/maze_robot_ws/install/maze_solver/lib/python3.10/site-packages:${PYTHONPATH} /usr/bin/python3 -W ignore:setup.py install is deprecated -W ignore:easy_install command is deprecated setup.py egg_info --egg-base ../../build/maze_solver build --build-base /home/pes2ug23cs625/maze_robot_ws/build/maze_solver/build install --record /home/pes2ug23cs625/maze_robot_ws/build/maze_solver/install.log --single-version-externally-managed install_data
[2.884s] running egg_info
[2.885s] writing ../../build/maze_solver/maze_solver.egg-info/PKG-INFO
[2.886s] writing dependency_links to ../../build/maze_solver/maze_solver.egg-info/dependency_links.txt
[2.887s] writing entry points to ../../build/maze_solver/maze_solver.egg-info/entry_points.txt
[2.891s] writing requirements to ../../build/maze_solver/maze_solver.egg-info/requires.txt
[2.891s] writing top-level names to ../../build/maze_solver/maze_solver.egg-info/top_level.txt
[2.896s] reading manifest file '../../build/maze_solver/maze_solver.egg-info/SOURCES.txt'
[2.899s] writing manifest file '../../build/maze_solver/maze_solver.egg-info/SOURCES.txt'
[2.899s] running build
[2.900s] running build_py
[2.901s] running install
[2.903s] running install_lib
[2.906s] running install_data
[2.907s] copying worlds/maze.world -> /home/pes2ug23cs625/maze_robot_ws/install/maze_solver/share/maze_solver/worlds
[2.908s] running install_egg_info
[2.914s] removing '/home/pes2ug23cs625/maze_robot_ws/install/maze_solver/lib/python3.10/site-packages/maze_solver-0.0.1-py3.10.egg-info' (and everything under it)
[2.915s] Copying ../../build/maze_solver/maze_solver.egg-info to /home/pes2ug23cs625/maze_robot_ws/install/maze_solver/lib/python3.10/site-packages/maze_solver-0.0.1-py3.10.egg-info
[2.920s] running install_scripts
[2.979s] Installing maze_solver_node script to /home/pes2ug23cs625/maze_robot_ws/install/maze_solver/lib/maze_solver
[2.982s] writing list of installed files to '/home/pes2ug23cs625/maze_robot_ws/build/maze_solver/install.log'
[3.028s] Invoked command in '/home/pes2ug23cs625/maze_robot_ws/src/maze_solver' returned '0': PYTHONPATH=/home/pes2ug23cs625/maze_robot_ws/build/maze_solver/prefix_override:/usr/lib/python3/dist-packages/colcon_core/task/python/colcon_distutils_commands:/home/pes2ug23cs625/maze_robot_ws/install/maze_solver/lib/python3.10/site-packages:${PYTHONPATH} /usr/bin/python3 -W ignore:setup.py install is deprecated -W ignore:easy_install command is deprecated setup.py egg_info --egg-base ../../build/maze_solver build --build-base /home/pes2ug23cs625/maze_robot_ws/build/maze_solver/build install --record /home/pes2ug23cs625/maze_robot_ws/build/maze_solver/install.log --single-version-externally-managed install_data
