[1.965s] Invoking command in '/home/pes2ug23cs625/maze_robot_ws/src/maze_solver': PYTHONPATH=/home/pes2ug23cs625/maze_robot_ws/build/maze_solver/prefix_override:/usr/lib/python3/dist-packages/colcon_core/task/python/colcon_distutils_commands:/home/pes2ug23cs625/maze_robot_ws/install/maze_solver/lib/python3.10/site-packages:${PYTHONPATH} /usr/bin/python3 -W ignore:setup.py install is deprecated -W ignore:easy_install command is deprecated setup.py egg_info --egg-base ../../build/maze_solver build --build-base /home/pes2ug23cs625/maze_robot_ws/build/maze_solver/build install --record /home/pes2ug23cs625/maze_robot_ws/build/maze_solver/install.log --single-version-externally-managed install_data
[2.709s] running egg_info
[2.710s] writing ../../build/maze_solver/maze_solver.egg-info/PKG-INFO
[2.710s] writing dependency_links to ../../build/maze_solver/maze_solver.egg-info/dependency_links.txt
[2.712s] writing entry points to ../../build/maze_solver/maze_solver.egg-info/entry_points.txt
[2.713s] writing requirements to ../../build/maze_solver/maze_solver.egg-info/requires.txt
[2.713s] writing top-level names to ../../build/maze_solver/maze_solver.egg-info/top_level.txt
[2.718s] reading manifest file '../../build/maze_solver/maze_solver.egg-info/SOURCES.txt'
[2.721s] writing manifest file '../../build/maze_solver/maze_solver.egg-info/SOURCES.txt'
[2.722s] running build
[2.722s] running build_py
[2.724s] running install
[2.724s] running install_lib
[2.728s] running install_data
[2.729s] running install_egg_info
[2.733s] removing '/home/pes2ug23cs625/maze_robot_ws/install/maze_solver/lib/python3.10/site-packages/maze_solver-0.0.1-py3.10.egg-info' (and everything under it)
[2.735s] Copying ../../build/maze_solver/maze_solver.egg-info to /home/pes2ug23cs625/maze_robot_ws/install/maze_solver/lib/python3.10/site-packages/maze_solver-0.0.1-py3.10.egg-info
[2.738s] running install_scripts
[2.794s] Installing maze_solver_node script to /home/pes2ug23cs625/maze_robot_ws/install/maze_solver/lib/maze_solver
[2.796s] writing list of installed files to '/home/pes2ug23cs625/maze_robot_ws/build/maze_solver/install.log'
[2.831s] Invoked command in '/home/pes2ug23cs625/maze_robot_ws/src/maze_solver' returned '0': PYTHONPATH=/home/pes2ug23cs625/maze_robot_ws/build/maze_solver/prefix_override:/usr/lib/python3/dist-packages/colcon_core/task/python/colcon_distutils_commands:/home/pes2ug23cs625/maze_robot_ws/install/maze_solver/lib/python3.10/site-packages:${PYTHONPATH} /usr/bin/python3 -W ignore:setup.py install is deprecated -W ignore:easy_install command is deprecated setup.py egg_info --egg-base ../../build/maze_solver build --build-base /home/pes2ug23cs625/maze_robot_ws/build/maze_solver/build install --record /home/pes2ug23cs625/maze_robot_ws/build/maze_solver/install.log --single-version-externally-managed install_data
