running egg_info
writing ../../build/maze_solver/maze_solver.egg-info/PKG-INFO
writing dependency_links to ../../build/maze_solver/maze_solver.egg-info/dependency_links.txt
writing entry points to ../../build/maze_solver/maze_solver.egg-info/entry_points.txt
writing requirements to ../../build/maze_solver/maze_solver.egg-info/requires.txt
writing top-level names to ../../build/maze_solver/maze_solver.egg-info/top_level.txt
reading manifest file '../../build/maze_solver/maze_solver.egg-info/SOURCES.txt'
writing manifest file '../../build/maze_solver/maze_solver.egg-info/SOURCES.txt'
running build
running build_py
copying maze_solver/maze_solver_node.py -> /home/pes2ug23cs625/maze_robot_ws/build/maze_solver/build/lib/maze_solver
running install
running install_lib
copying /home/pes2ug23cs625/maze_robot_ws/build/maze_solver/build/lib/maze_solver/maze_solver_node.py -> /home/pes2ug23cs625/maze_robot_ws/install/maze_solver/lib/python3.10/site-packages/maze_solver
byte-compiling /home/pes2ug23cs625/maze_robot_ws/install/maze_solver/lib/python3.10/site-packages/maze_solver/maze_solver_node.py to maze_solver_node.cpython-310.pyc
Sorry: TabError: inconsistent use of tabs and spaces in indentation (maze_solver_node.py, line 120)
running install_data
running install_egg_info
removing '/home/pes2ug23cs625/maze_robot_ws/install/maze_solver/lib/python3.10/site-packages/maze_solver-0.0.1-py3.10.egg-info' (and everything under it)
Copying ../../build/maze_solver/maze_solver.egg-info to /home/pes2ug23cs625/maze_robot_ws/install/maze_solver/lib/python3.10/site-packages/maze_solver-0.0.1-py3.10.egg-info
running install_scripts
Installing maze_solver_node script to /home/pes2ug23cs625/maze_robot_ws/install/maze_solver/lib/maze_solver
writing list of installed files to '/home/pes2ug23cs625/maze_robot_ws/build/maze_solver/install.log'
